================================================================================
JCL 2.3 Testing Revision 187
==========RAD Studio XE=========================================================
Installed personalities :
32 bit Delphi
================================================================================
Multiple profile installation
Single profile installation
================================================================================
Saving conditional defines...
Loaded template for include file D:\Composants\jvcl\jcl\source\include\jcl.template.inc
Saved include file D:\Composants\jvcl\jcl\source\include\jcld15.inc
Building source\common library units for RAD Studio XE...
"C:\Program Files (x86)\Embarcadero\RAD Studio\8.0\bin\dcc32.exe" bzip2 Jcl8087 JclAbstractContainers JclAlgorithms JclAnsiStrings JclArrayLists JclArraySets JclBase JclBinaryTrees JclCharsets JclCompilerUtils JclComplex JclCompression JclContainerIntf JclCounter JclDateTime JclDevToolsResources JclExprEval JclFileUtils JclHashMaps JclHashSets JclIDEUtils JclIniFiles JclLinkedLists JclLogic JclMath JclMIDI JclMime JclNotify JclPCRE JclPreProcessorAlgorithmsTemplates JclPreProcessorArrayListsTemplates JclPreProcessorArraySetsTemplates JclPreProcessorBinaryTreesTemplates JclPreProcessorContainer1DTemplates JclPreProcessorContainer2DTemplates JclPreProcessorContainerIntfTemplates JclPreProcessorContainerKnownMaps JclPreProcessorContainerKnownTypes JclPreProcessorContainerTemplates JclPreProcessorContainerTypes JclPreProcessorExcDlgTemplates JclPreProcessorHashMapsTemplates JclPreProcessorLexer JclPreProcessorLinkedListsTemplates JclPreProcessorParser JclPreProcessorQueuesTemplates JclPreProcessorSortedMapsTemplates JclPreProcessorStacksTemplates JclPreProcessorTemplates JclPreProcessorTreesTemplates JclPreProcessorVectorsTemplates JclQueues JclResources JclRTTI JclSchedule JclSimpleXml JclSortedMaps JclStacks JclStatistics JclStreams JclStrHashMap JclStringConversions JclStringLists JclStrings JclSynch JclSysInfo JclSysUtils JclTrees JclUnicode JclUnitConv JclUnitVersioning JclUnitVersioningProviders JclUsesUtils JclValidation JclVectors JclWideStrings pcre zlibh --no-config -U"C:\Program Files (x86)\Embarcadero\RAD Studio\8.0\lib\win32\release" -M -$X+ -$G+ -$H+ -$P+ -$U- -$T- -$V+ -$J+ -$Z1 -$J+ -$C- -$D- -$I- -$L- -$O+ -$Q- -$R- -$W- -$Y- -N0"D:\Composants\jvcl\jcl\lib\d15" -I"D:\Composants\jvcl\jcl\source\include" -U"D:\Composants\jvcl\jcl\source\common;D:\Composants\jvcl\jcl\source\windows;D:\Composants\jvcl\jcl\source\vcl" -R"D:\Composants\jvcl\jcl\source\common;D:\Composants\jvcl\jcl\source\windows;D:\Composants\jvcl\jcl\source\vcl"
Version 22.0 du compilateur Embarcadero Delphi pour Win32
Copyright (c) 1983,2010 Embarcadero Technologies, Inc.
529874 lignes, 1.81 secondes, 53187 octets de code, 16916 octets de données.
Building source\windows library units for RAD Studio XE...
"C:\Program Files (x86)\Embarcadero\RAD Studio\8.0\bin\dcc32.exe" Hardlinks JclAppInst JclCIL JclCLR JclCOM JclConsole JclCppException JclDebug JclDebugSerialization JclDebugXMLDeserializer JclDebugXMLSerializer JclDotNet JclHelpUtils JclHookExcept JclLANMan JclLocales JclMapi JclMetadata JclMiscel JclMsBuild JclMsdosSys JclMultimedia JclNTFS JclPeImage JclRegistry JclSecurity JclShell JclStructStorage JclSvcCtrl JclTask JclTD32 JclTimeZones JclWin32 JclWin32Ex JclWinMIDI mscoree_TLB mscorlib_TLB MSHelpServices_TLB MSTask sevenzip Snmp --no-config -U"C:\Program Files (x86)\Embarcadero\RAD Studio\8.0\lib\win32\release" -M -$X+ -$G+ -$H+ -$P+ -$U- -$T- -$V+ -$J+ -$Z1 -$J+ -$C- -$D- -$I- -$L- -$O+ -$Q- -$R- -$W- -$Y- -N0"D:\Composants\jvcl\jcl\lib\d15" -I"D:\Composants\jvcl\jcl\source\include" -U"D:\Composants\jvcl\jcl\source\common;D:\Composants\jvcl\jcl\source\windows;D:\Composants\jvcl\jcl\source\vcl" -R"D:\Composants\jvcl\jcl\source\common;D:\Composants\jvcl\jcl\source\windows;D:\Composants\jvcl\jcl\source\vcl"
Version 22.0 du compilateur Embarcadero Delphi pour Win32
Copyright (c) 1983,2010 Embarcadero Technologies, Inc.
173456 lignes, 0.58 secondes, 4246 octets de code, 628 octets de données.
Building source\vcl library units for RAD Studio XE...
"C:\Program Files (x86)\Embarcadero\RAD Studio\8.0\bin\dcc32.exe" JclFont JclGraphics JclGraphUtils JclOpenDialogFavorites JclOpenDialogHooks JclPrint JclVclResources JclVersionControl JclVersionCtrlCVSImpl JclVersionCtrlGITImpl JclVersionCtrlSVNImpl --no-config -U"C:\Program Files (x86)\Embarcadero\RAD Studio\8.0\lib\win32\release" -M -$X+ -$G+ -$H+ -$P+ -$U- -$T- -$V+ -$J+ -$Z1 -$J+ -$C- -$D- -$I- -$L- -$O+ -$Q- -$R- -$W- -$Y- -N0"D:\Composants\jvcl\jcl\lib\d15" -I"D:\Composants\jvcl\jcl\source\include" -U"D:\Composants\jvcl\jcl\source\common;D:\Composants\jvcl\jcl\source\windows;D:\Composants\jvcl\jcl\source\vcl" -R"D:\Composants\jvcl\jcl\source\common;D:\Composants\jvcl\jcl\source\windows;D:\Composants\jvcl\jcl\source\vcl"
Version 22.0 du compilateur Embarcadero Delphi pour Win32
Copyright (c) 1983,2010 Embarcadero Technologies, Inc.
32435 lignes, 0.19 secondes, 4512 octets de code, 56 octets de données.
Building source\common library debug units for RAD Studio XE...
"C:\Program Files (x86)\Embarcadero\RAD Studio\8.0\bin\dcc32.exe" bzip2 Jcl8087 JclAbstractContainers JclAlgorithms JclAnsiStrings JclArrayLists JclArraySets JclBase JclBinaryTrees JclCharsets JclCompilerUtils JclComplex JclCompression JclContainerIntf JclCounter JclDateTime JclDevToolsResources JclExprEval JclFileUtils JclHashMaps JclHashSets JclIDEUtils JclIniFiles JclLinkedLists JclLogic JclMath JclMIDI JclMime JclNotify JclPCRE JclPreProcessorAlgorithmsTemplates JclPreProcessorArrayListsTemplates JclPreProcessorArraySetsTemplates JclPreProcessorBinaryTreesTemplates JclPreProcessorContainer1DTemplates JclPreProcessorContainer2DTemplates JclPreProcessorContainerIntfTemplates JclPreProcessorContainerKnownMaps JclPreProcessorContainerKnownTypes JclPreProcessorContainerTemplates JclPreProcessorContainerTypes JclPreProcessorExcDlgTemplates JclPreProcessorHashMapsTemplates JclPreProcessorLexer JclPreProcessorLinkedListsTemplates JclPreProcessorParser JclPreProcessorQueuesTemplates JclPreProcessorSortedMapsTemplates JclPreProcessorStacksTemplates JclPreProcessorTemplates JclPreProcessorTreesTemplates JclPreProcessorVectorsTemplates JclQueues JclResources JclRTTI JclSchedule JclSimpleXml JclSortedMaps JclStacks JclStatistics JclStreams JclStrHashMap JclStringConversions JclStringLists JclStrings JclSynch JclSysInfo JclSysUtils JclTrees JclUnicode JclUnitConv JclUnitVersioning JclUnitVersioningProviders JclUsesUtils JclValidation JclVectors JclWideStrings pcre zlibh --no-config -U"C:\Program Files (x86)\Embarcadero\RAD Studio\8.0\lib\win32\debug" -U"C:\Program Files (x86)\Embarcadero\RAD Studio\8.0\lib\win32\release" -M -$X+ -$G+ -$H+ -$P+ -$U- -$T- -$V+ -$J+ -$Z1 -$J+ -$C+ -$D+ -$I+ -$L+ -$O- -$Q+ -$R+ -$W+ -$Y+ -N0"D:\Composants\jvcl\jcl\lib\d15\debug" -I"D:\Composants\jvcl\jcl\source\include" -U"D:\Composants\jvcl\jcl\source\common;D:\Composants\jvcl\jcl\source\windows;D:\Composants\jvcl\jcl\source\vcl" -R"D:\Composants\jvcl\jcl\source\common;D:\Composants\jvcl\jcl\source\windows;D:\Composants\jvcl\jcl\source\vcl"
Version 22.0 du compilateur Embarcadero Delphi pour Win32
Copyright (c) 1983,2010 Embarcadero Technologies, Inc.
529874 lignes, 2.33 secondes, 53363 octets de code, 16916 octets de données.
Building source\windows library debug units for RAD Studio XE...
"C:\Program Files (x86)\Embarcadero\RAD Studio\8.0\bin\dcc32.exe" Hardlinks JclAppInst JclCIL JclCLR JclCOM JclConsole JclCppException JclDebug JclDebugSerialization JclDebugXMLDeserializer JclDebugXMLSerializer JclDotNet JclHelpUtils JclHookExcept JclLANMan JclLocales JclMapi JclMetadata JclMiscel JclMsBuild JclMsdosSys JclMultimedia JclNTFS JclPeImage JclRegistry JclSecurity JclShell JclStructStorage JclSvcCtrl JclTask JclTD32 JclTimeZones JclWin32 JclWin32Ex JclWinMIDI mscoree_TLB mscorlib_TLB MSHelpServices_TLB MSTask sevenzip Snmp --no-config -U"C:\Program Files (x86)\Embarcadero\RAD Studio\8.0\lib\win32\debug" -U"C:\Program Files (x86)\Embarcadero\RAD Studio\8.0\lib\win32\release" -M -$X+ -$G+ -$H+ -$P+ -$U- -$T- -$V+ -$J+ -$Z1 -$J+ -$C+ -$D+ -$I+ -$L+ -$O- -$Q+ -$R+ -$W+ -$Y+ -N0"D:\Composants\jvcl\jcl\lib\d15\debug" -I"D:\Composants\jvcl\jcl\source\include" -U"D:\Composants\jvcl\jcl\source\common;D:\Composants\jvcl\jcl\source\windows;D:\Composants\jvcl\jcl\source\vcl" -R"D:\Composants\jvcl\jcl\source\common;D:\Composants\jvcl\jcl\source\windows;D:\Composants\jvcl\jcl\source\vcl"
Version 22.0 du compilateur Embarcadero Delphi pour Win32
Copyright (c) 1983,2010 Embarcadero Technologies, Inc.
173456 lignes, 1.25 secondes, 4391 octets de code, 628 octets de données.
Building source\vcl library debug units for RAD Studio XE...
"C:\Program Files (x86)\Embarcadero\RAD Studio\8.0\bin\dcc32.exe" JclFont JclGraphics JclGraphUtils JclOpenDialogFavorites JclOpenDialogHooks JclPrint JclVclResources JclVersionControl JclVersionCtrlCVSImpl JclVersionCtrlGITImpl JclVersionCtrlSVNImpl --no-config -U"C:\Program Files (x86)\Embarcadero\RAD Studio\8.0\lib\win32\debug" -U"C:\Program Files (x86)\Embarcadero\RAD Studio\8.0\lib\win32\release" -M -$X+ -$G+ -$H+ -$P+ -$U- -$T- -$V+ -$J+ -$Z1 -$J+ -$C+ -$D+ -$I+ -$L+ -$O- -$Q+ -$R+ -$W+ -$Y+ -N0"D:\Composants\jvcl\jcl\lib\d15\debug" -I"D:\Composants\jvcl\jcl\source\include" -U"D:\Composants\jvcl\jcl\source\common;D:\Composants\jvcl\jcl\source\windows;D:\Composants\jvcl\jcl\source\vcl" -R"D:\Composants\jvcl\jcl\source\common;D:\Composants\jvcl\jcl\source\windows;D:\Composants\jvcl\jcl\source\vcl"
Version 22.0 du compilateur Embarcadero Delphi pour Win32
Copyright (c) 1983,2010 Embarcadero Technologies, Inc.
32435 lignes, 0.30 secondes, 4797 octets de code, 56 octets de données.
Building D:\Composants\jvcl\jcl\packages\d15\Jcl.dpk...
Cleaning package cache for Jcl150.bpl
Cleaning ok
Compiling package D:\Composants\jvcl\jcl\packages\d15\Jcl.dpk
"C:\Program Files (x86)\Embarcadero\RAD Studio\8.0\bin\dcc32.exe" "D:\Composants\jvcl\jcl\packages\d15\Jcl.dpk" --no-config -U"C:\Program Files (x86)\Embarcadero\RAD Studio\8.0\lib\win32\release" -N"..\..\lib\d15" -I"..\..\lib\d15;..\..\source\include" -R"..\..\lib\d15;..\..\source\include" -DBCB;BCB;WIN32;CONDITIONALEXPRESSIONS;RELEASE;BCB;WIN32;CONDITIONALEXPRESSIONS;RELEASE -U"D:\Composants\jvcl\jcl\lib\d15\;\Dcp;..\..\lib\d15;..\..\source\include" -LU"rtl" -LN"D:\Composants\jvcl\jcl\lib\d15" -LE"C:\Users\Public\Documents\RAD Studio\8.0\Bpl"
Version 22.0 du compilateur Embarcadero Delphi pour Win32
Copyright (c) 1983,2010 Embarcadero Technologies, Inc.
129 lignes, 0.44 secondes, 2055060 octets de code, 732416 octets de données.
Compilation success
...done.
Building D:\Composants\jvcl\jcl\packages\d15\JclContainers.dpk...
Cleaning package cache for JclContainers150.bpl
Cleaning ok
Compiling package D:\Composants\jvcl\jcl\packages\d15\JclContainers.dpk
"C:\Program Files (x86)\Embarcadero\RAD Studio\8.0\bin\dcc32.exe" "D:\Composants\jvcl\jcl\packages\d15\JclContainers.dpk" --no-config -U"C:\Program Files (x86)\Embarcadero\RAD Studio\8.0\lib\win32\release" -N"..\..\lib\d15" -I"..\..\lib\d15;..\..\source\include" -R"..\..\lib\d15;..\..\source\include" -DBCB;BCB;WIN32;CONDITIONALEXPRESSIONS;RELEASE;BCB;WIN32;CONDITIONALEXPRESSIONS;RELEASE -U"D:\Composants\jvcl\jcl\lib\d15\;\Dcp;..\..\lib\d15;..\..\source\include" -LU"rtl;Jcl" -LN"D:\Composants\jvcl\jcl\lib\d15" -LE"C:\Users\Public\Documents\RAD Studio\8.0\Bpl"
Version 22.0 du compilateur Embarcadero Delphi pour Win32
Copyright (c) 1983,2010 Embarcadero Technologies, Inc.
67 lignes, 0.30 secondes, 1989440 octets de code, 1088 octets de données.
Compilation success
...done.
Building D:\Composants\jvcl\jcl\packages\d15\JclDeveloperTools.dpk...
Cleaning package cache for JclDeveloperTools150.bpl
Cleaning ok
Compiling package D:\Composants\jvcl\jcl\packages\d15\JclDeveloperTools.dpk
"C:\Program Files (x86)\Embarcadero\RAD Studio\8.0\bin\dcc32.exe" "D:\Composants\jvcl\jcl\packages\d15\JclDeveloperTools.dpk" --no-config -U"C:\Program Files (x86)\Embarcadero\RAD Studio\8.0\lib\win32\release" -N"..\..\lib\d15" -I"..\..\lib\d15;..\..\source\include" -R"..\..\lib\d15;..\..\source\include" -DBCB;BCB;WIN32;CONDITIONALEXPRESSIONS;RELEASE;BCB;WIN32;CONDITIONALEXPRESSIONS;RELEASE -U"D:\Composants\jvcl\jcl\lib\d15\;\Dcp;..\..\lib\d15;..\..\source\include" -LU"rtl;vcl;Jcl;JclContainers" -LN"D:\Composants\jvcl\jcl\lib\d15" -LE"C:\Users\Public\Documents\RAD Studio\8.0\Bpl"
Version 22.0 du compilateur Embarcadero Delphi pour Win32
Copyright (c) 1983,2010 Embarcadero Technologies, Inc.
84 lignes, 0.22 secondes, 399208 octets de code, 13104 octets de données.
Compilation success
...done.
Building D:\Composants\jvcl\jcl\packages\d15\JclVcl.dpk...
Cleaning package cache for JclVcl150.bpl
Cleaning ok
Compiling package D:\Composants\jvcl\jcl\packages\d15\JclVcl.dpk
"C:\Program Files (x86)\Embarcadero\RAD Studio\8.0\bin\dcc32.exe" "D:\Composants\jvcl\jcl\packages\d15\JclVcl.dpk" --no-config -U"C:\Program Files (x86)\Embarcadero\RAD Studio\8.0\lib\win32\release" -N"..\..\lib\d15" -I"..\..\lib\d15;..\..\source\include" -R"..\..\lib\d15;..\..\source\include" -DBCB;BCB;WIN32;CONDITIONALEXPRESSIONS;RELEASE;BCB;WIN32;CONDITIONALEXPRESSIONS;RELEASE -U"D:\Composants\jvcl\jcl\lib\d15\;\Dcp;..\..\lib\d15;..\..\source\include" -LU"rtl;vcl;vclimg;Jcl" -LN"D:\Composants\jvcl\jcl\lib\d15" -LE"C:\Users\Public\Documents\RAD Studio\8.0\Bpl"
Version 22.0 du compilateur Embarcadero Delphi pour Win32
Copyright (c) 1983,2010 Embarcadero Technologies, Inc.
66 lignes, 0.19 secondes, 126660 octets de code, 1836 octets de données.
Compilation success
...done.
Building D:\Composants\jvcl\jcl\packages\d15\JclBaseExpert.dpk...
Cleaning package cache for JclBaseExpert150.bpl
Cleaning ok
Compiling package D:\Composants\jvcl\jcl\packages\d15\JclBaseExpert.dpk
"C:\Program Files (x86)\Embarcadero\RAD Studio\8.0\bin\dcc32.exe" "D:\Composants\jvcl\jcl\packages\d15\JclBaseExpert.dpk" --no-config -U"C:\Program Files (x86)\Embarcadero\RAD Studio\8.0\lib\win32\release" -N"..\..\lib\d15" -I"..\..\lib\d15;..\..\source\include" -R"..\..\lib\d15;..\..\source\include" -DBCB;BCB;WIN32;CONDITIONALEXPRESSIONS;RELEASE;BCB;WIN32;CONDITIONALEXPRESSIONS;RELEASE -U"D:\Composants\jvcl\jcl\lib\d15\;\Dcp;..\..\lib\d15;..\..\source\include" -LU"rtl;vcl;vclx;designide;Jcl;JclDeveloperTools" -LN"D:\Composants\jvcl\jcl\lib\d15" -LE"C:\Users\Public\Documents\RAD Studio\8.0\Bpl"
Version 22.0 du compilateur Embarcadero Delphi pour Win32
Copyright (c) 1983,2010 Embarcadero Technologies, Inc.
25872 lignes, 0.58 secondes, 62204 octets de code, 736 octets de données.
Compilation success
...done.
Building D:\Composants\jvcl\jcl\packages\d15\JclDebugExpert.dpk...
Cleaning package cache for JclDebugExpert150.bpl
Cleaning ok
Compiling package D:\Composants\jvcl\jcl\packages\d15\JclDebugExpert.dpk
"C:\Program Files (x86)\Embarcadero\RAD Studio\8.0\bin\dcc32.exe" "D:\Composants\jvcl\jcl\packages\d15\JclDebugExpert.dpk" --no-config -U"C:\Program Files (x86)\Embarcadero\RAD Studio\8.0\lib\win32\release" -N"..\..\lib\d15" -I"..\..\lib\d15;..\..\source\include" -R"..\..\lib\d15;..\..\source\include" -DBCB;BCB;WIN32;CONDITIONALEXPRESSIONS;RELEASE;BCB;WIN32;CONDITIONALEXPRESSIONS;RELEASE -U"D:\Composants\jvcl\jcl\lib\d15\;\Dcp;..\..\lib\d15;..\..\source\include" -LU"rtl;vcl;designide;Jcl;JclBaseExpert;JclDeveloperTools" -LN"D:\Composants\jvcl\jcl\lib\d15" -LE"C:\Users\Public\Documents\RAD Studio\8.0\Bpl"
Version 22.0 du compilateur Embarcadero Delphi pour Win32
Copyright (c) 1983,2010 Embarcadero Technologies, Inc.
6150 lignes, 0.53 secondes, 37108 octets de code, 400 octets de données.
Compilation success
...done.
Building D:\Composants\jvcl\jcl\packages\d15\JclProjectAnalysisExpert.dpk...
Cleaning package cache for JclProjectAnalysisExpert150.bpl
Cleaning ok
Compiling package D:\Composants\jvcl\jcl\packages\d15\JclProjectAnalysisExpert.dpk
"C:\Program Files (x86)\Embarcadero\RAD Studio\8.0\bin\dcc32.exe" "D:\Composants\jvcl\jcl\packages\d15\JclProjectAnalysisExpert.dpk" --no-config -U"C:\Program Files (x86)\Embarcadero\RAD Studio\8.0\lib\win32\release" -N"..\..\lib\d15" -I"..\..\lib\d15;..\..\source\include" -R"..\..\lib\d15;..\..\source\include" -DBCB;BCB;WIN32;CONDITIONALEXPRESSIONS;RELEASE;BCB;WIN32;CONDITIONALEXPRESSIONS;RELEASE -U"D:\Composants\jvcl\jcl\lib\d15\;\Dcp;..\..\lib\d15;..\..\source\include" -LU"rtl;vcl;designide;Jcl;JclBaseExpert" -LN"D:\Composants\jvcl\jcl\lib\d15" -LE"C:\Users\Public\Documents\RAD Studio\8.0\Bpl"
Version 22.0 du compilateur Embarcadero Delphi pour Win32
Copyright (c) 1983,2010 Embarcadero Technologies, Inc.
4979 lignes, 0.34 secondes, 25032 octets de code, 256 octets de données.
Compilation success
...done.
Building D:\Composants\jvcl\jcl\packages\d15\JclFavoriteFoldersExpert.dpk...
Cleaning package cache for JclFavoriteFoldersExpert150.bpl
Cleaning ok
Compiling package D:\Composants\jvcl\jcl\packages\d15\JclFavoriteFoldersExpert.dpk
"C:\Program Files (x86)\Embarcadero\RAD Studio\8.0\bin\dcc32.exe" "D:\Composants\jvcl\jcl\packages\d15\JclFavoriteFoldersExpert.dpk" --no-config -U"C:\Program Files (x86)\Embarcadero\RAD Studio\8.0\lib\win32\release" -N"..\..\lib\d15" -I"..\..\lib\d15;..\..\source\include" -R"..\..\lib\d15;..\..\source\include" -DBCB;BCB;WIN32;CONDITIONALEXPRESSIONS;RELEASE;BCB;WIN32;CONDITIONALEXPRESSIONS;RELEASE -U"D:\Composants\jvcl\jcl\lib\d15\;\Dcp;..\..\lib\d15;..\..\source\include" -LU"rtl;vcl;designide;Jcl;JclVcl;JclBaseExpert" -LN"D:\Composants\jvcl\jcl\lib\d15" -LE"C:\Users\Public\Documents\RAD Studio\8.0\Bpl"
Version 22.0 du compilateur Embarcadero Delphi pour Win32
Copyright (c) 1983,2010 Embarcadero Technologies, Inc.
2047 lignes, 0.25 secondes, 6328 octets de code, 116 octets de données.
Compilation success
...done.
Building D:\Composants\jvcl\jcl\packages\d15\JclRepositoryExpert.dpk...
Cleaning package cache for JclRepositoryExpert150.bpl
Cleaning ok
Compiling package D:\Composants\jvcl\jcl\packages\d15\JclRepositoryExpert.dpk
"C:\Program Files (x86)\Embarcadero\RAD Studio\8.0\bin\dcc32.exe" "D:\Composants\jvcl\jcl\packages\d15\JclRepositoryExpert.dpk" --no-config -U"C:\Program Files (x86)\Embarcadero\RAD Studio\8.0\lib\win32\release" -N"..\..\lib\d15" -I"..\..\lib\d15;..\..\source\include" -R"..\..\lib\d15;..\..\source\include" -DBCB;BCB;WIN32;CONDITIONALEXPRESSIONS;RELEASE;BCB;WIN32;CONDITIONALEXPRESSIONS;RELEASE -U"D:\Composants\jvcl\jcl\lib\d15\;\Dcp;..\..\lib\d15;..\..\source\include" -LU"rtl;vcl;designide;Jcl;JclContainers;JclBaseExpert;JclDeveloperTools" -LN"D:\Composants\jvcl\jcl\lib\d15" -LE"C:\Users\Public\Documents\RAD Studio\8.0\Bpl"
Version 22.0 du compilateur Embarcadero Delphi pour Win32
Copyright (c) 1983,2010 Embarcadero Technologies, Inc.
22594 lignes, 0.56 secondes, 45164 octets de code, 620 octets de données.
Compilation success
...done.
Building D:\Composants\jvcl\jcl\packages\d15\JclSIMDViewExpert.dpk...
Cleaning package cache for JclSIMDViewExpert150.bpl
Cleaning ok
Compiling package D:\Composants\jvcl\jcl\packages\d15\JclSIMDViewExpert.dpk
"C:\Program Files (x86)\Embarcadero\RAD Studio\8.0\bin\dcc32.exe" "D:\Composants\jvcl\jcl\packages\d15\JclSIMDViewExpert.dpk" --no-config -U"C:\Program Files (x86)\Embarcadero\RAD Studio\8.0\lib\win32\release" -N"..\..\lib\d15" -I"..\..\lib\d15;..\..\source\include" -R"..\..\lib\d15;..\..\source\include" -DBCB;BCB;WIN32;CONDITIONALEXPRESSIONS;RELEASE;BCB;WIN32;CONDITIONALEXPRESSIONS;RELEASE -U"D:\Composants\jvcl\jcl\lib\d15\;\Dcp;..\..\lib\d15;..\..\source\include" -LU"rtl;vcl;designide;Jcl;JclBaseExpert" -LN"D:\Composants\jvcl\jcl\lib\d15" -LE"C:\Users\Public\Documents\RAD Studio\8.0\Bpl"
Version 22.0 du compilateur Embarcadero Delphi pour Win32
Copyright (c) 1983,2010 Embarcadero Technologies, Inc.
12823 lignes, 0.72 secondes, 56068 octets de code, 892 octets de données.
Compilation success
...done.
Building D:\Composants\jvcl\jcl\packages\d15\JclStackTraceViewerExpert.dpk...
Cleaning package cache for JclStackTraceViewerExpert150.bpl
Cleaning ok
Compiling package D:\Composants\jvcl\jcl\packages\d15\JclStackTraceViewerExpert.dpk
"C:\Program Files (x86)\Embarcadero\RAD Studio\8.0\bin\dcc32.exe" "D:\Composants\jvcl\jcl\packages\d15\JclStackTraceViewerExpert.dpk" --no-config -U"C:\Program Files (x86)\Embarcadero\RAD Studio\8.0\lib\win32\release" -N"..\..\lib\d15" -I"..\..\lib\d15;..\..\source\include" -R"..\..\lib\d15;..\..\source\include" -DBCB;BCB;WIN32;CONDITIONALEXPRESSIONS;RELEASE;BCB;WIN32;CONDITIONALEXPRESSIONS;RELEASE -U"D:\Composants\jvcl\jcl\lib\d15\;\Dcp;..\..\lib\d15;..\..\source\include" -LU"rtl;vcl;designide;Jcl;JclBaseExpert" -LN"D:\Composants\jvcl\jcl\lib\d15" -LE"C:\Users\Public\Documents\RAD Studio\8.0\Bpl"
Version 22.0 du compilateur Embarcadero Delphi pour Win32
Copyright (c) 1983,2010 Embarcadero Technologies, Inc.
29909 lignes, 0.58 secondes, 70368 octets de code, 692 octets de données.
Compilation success
...done.
Added "D:\Composants\jvcl\jcl\lib\d15;D:\Composants\jvcl\jcl\source\include" to library search path.
Added "D:\Composants\jvcl\jcl\source\common;D:\Composants\jvcl\jcl\source\windows;D:\Composants\jvcl\jcl\source\vcl" to library browsing path.
Added "D:\Composants\jvcl\jcl\lib\d15\debug" to Debug DCU Path.
Cleaning package cache for JclBaseExpert150.bpl
Cleaning ok
Registering package C:\Users\Public\Documents\RAD Studio\8.0\Bpl\JclBaseExpert150.bpl
Registration ok
Cleaning package cache for JclDebugExpert150.bpl
Cleaning ok
Registering package C:\Users\Public\Documents\RAD Studio\8.0\Bpl\JclDebugExpert150.bpl
Registration ok
Cleaning package cache for JclProjectAnalysisExpert150.bpl
Cleaning ok
Registering package C:\Users\Public\Documents\RAD Studio\8.0\Bpl\JclProjectAnalysisExpert150.bpl
Registration ok
Cleaning package cache for JclFavoriteFoldersExpert150.bpl
Cleaning ok
Registering package C:\Users\Public\Documents\RAD Studio\8.0\Bpl\JclFavoriteFoldersExpert150.bpl
Registration ok
Cleaning package cache for JclRepositoryExpert150.bpl
Cleaning ok
Registering package C:\Users\Public\Documents\RAD Studio\8.0\Bpl\JclRepositoryExpert150.bpl
Registration ok
Cleaning package cache for JclSIMDViewExpert150.bpl
Cleaning ok
Registering package C:\Users\Public\Documents\RAD Studio\8.0\Bpl\JclSIMDViewExpert150.bpl
Registration ok
Cleaning package cache for JclStackTraceViewerExpert150.bpl
Cleaning ok
Registering package C:\Users\Public\Documents\RAD Studio\8.0\Bpl\JclStackTraceViewerExpert150.bpl
Registration ok
