================================================================================
JCL 2.5 Testing Build 4572
==========RAD Studio XE4 64 bit=================================================
Installed personalities :
32 bit Delphi
64 bit Delphi
32 bit Delphi for OSX
================================================================================
Multiple profile installation
Single profile installation
================================================================================
Saving conditional defines...
Loaded template for include file D:\Composants\jvcl\jcl\source\include\jcl.template.inc
Saved include file D:\Composants\jvcl\jcl\source\include\jcld18win64.inc
Building source\common library units for RAD Studio XE4 64 bit...
"C:\Program Files (x86)\Embarcadero\RAD Studio\11.0\bin\dcc64.exe" bzip2 Jcl8087 JclAbstractContainers JclAlgorithms JclAnsiStrings JclArrayLists JclArraySets JclBase JclBinaryTrees JclCharsets JclCompilerUtils JclComplex JclCompression JclContainerIntf JclCounter JclDateTime JclDevToolsResources JclExprEval JclFileUtils JclHashMaps JclHashSets JclIDEUtils JclIniFiles JclLinkedLists JclLogic JclMath JclMIDI JclMime JclNotify JclPCRE JclPreProcessorAlgorithmsTemplates JclPreProcessorArrayListsTemplates JclPreProcessorArraySetsTemplates JclPreProcessorBinaryTreesTemplates JclPreProcessorContainer1DTemplates JclPreProcessorContainer2DTemplates JclPreProcessorContainerIntfTemplates JclPreProcessorContainerKnownMaps JclPreProcessorContainerKnownTypes JclPreProcessorContainerTemplates JclPreProcessorContainerTypes JclPreProcessorExcDlgTemplates JclPreProcessorHashMapsTemplates JclPreProcessorHashSetsTemplates JclPreProcessorLexer JclPreProcessorLinkedListsTemplates JclPreProcessorParser JclPreProcessorQueuesTemplates JclPreProcessorSortedMapsTemplates JclPreProcessorStacksTemplates JclPreProcessorTemplates JclPreProcessorTreesTemplates JclPreProcessorVectorsTemplates JclQueues JclResources JclRTTI JclSchedule JclSimpleXml JclSortedMaps JclStacks JclStatistics JclStreams JclStrHashMap JclStringConversions JclStringLists JclStrings JclSynch JclSysInfo JclSysUtils JclTrees JclUnicode JclUnitConv JclUnitVersioning JclUnitVersioningProviders JclUsesUtils JclValidation JclVectors JclWideStrings pcre zlibh --no-config -U"C:\Program Files (x86)\Embarcadero\RAD Studio\11.0\lib\Win64\release" -M -$X+ -$G+ -$H+ -$P+ -$U- -$T- -$V+ -$J+ -$Z1 -$L+ -$Y+ -$J+ -$C- -$D- -$I- -$O+ -$Q- -$R- -$W- -N0"D:\Composants\jvcl\jcl\lib\d18\win64" -n"sSystem;System.Win;WinAPI;Vcl;Vcl.Imaging" -I"D:\Composants\jvcl\jcl\source\include" -U"D:\Composants\jvcl\jcl\source\common;D:\Composants\jvcl\jcl\source\windows;D:\Composants\jvcl\jcl\source\vcl" -R"D:\Composants\jvcl\jcl\source\common;D:\Composants\jvcl\jcl\source\windows;D:\Composants\jvcl\jcl\source\vcl"
Version 25.0 du compilateur Embarcadero Delphi pour Win64
Copyright (c) 1983,2013 Embarcadero Technologies, Inc.
588389 lignes, 206.12 secondes, 97893 octets de code, 458972 octets de données.
Building source\windows library units for RAD Studio XE4 64 bit...
"C:\Program Files (x86)\Embarcadero\RAD Studio\11.0\bin\dcc64.exe" Hardlinks JclAppInst JclCIL JclCLR JclCOM JclConsole JclCppException JclDebug JclDebugSerialization JclDebugXMLDeserializer JclDebugXMLSerializer JclDotNet JclHelpUtils JclHookExcept JclLANMan JclLocales JclMapi JclMetadata JclMiscel JclMsBuild JclMsdosSys JclMultimedia JclNTFS JclPeImage JclRegistry JclSecurity JclShell JclStructStorage JclSvcCtrl JclTask JclTD32 JclTimeZones JclWin32 JclWin32Ex JclWinMIDI mscoree_TLB mscorlib_TLB MSHelpServices_TLB MSTask sevenzip Snmp --no-config -U"C:\Program Files (x86)\Embarcadero\RAD Studio\11.0\lib\Win64\release" -M -$X+ -$G+ -$H+ -$P+ -$U- -$T- -$V+ -$J+ -$Z1 -$L+ -$Y+ -$J+ -$C- -$D- -$I- -$O+ -$Q- -$R- -$W- -N0"D:\Composants\jvcl\jcl\lib\d18\win64" -n"sSystem;System.Win;WinAPI;Vcl;Vcl.Imaging" -I"D:\Composants\jvcl\jcl\source\include" -U"D:\Composants\jvcl\jcl\source\common;D:\Composants\jvcl\jcl\source\windows;D:\Composants\jvcl\jcl\source\vcl" -R"D:\Composants\jvcl\jcl\source\common;D:\Composants\jvcl\jcl\source\windows;D:\Composants\jvcl\jcl\source\vcl"
Version 25.0 du compilateur Embarcadero Delphi pour Win64
Copyright (c) 1983,2013 Embarcadero Technologies, Inc.
190857 lignes, 3.23 secondes, 5022 octets de code, 9292 octets de données.
Building source\vcl library units for RAD Studio XE4 64 bit...
"C:\Program Files (x86)\Embarcadero\RAD Studio\11.0\bin\dcc64.exe" JclFont JclGraphics JclGraphUtils JclOpenDialogFavorites JclOpenDialogHooks JclPrint JclVclResources JclVersionControl JclVersionCtrlCVSImpl JclVersionCtrlGITImpl JclVersionCtrlSVNImpl --no-config -U"C:\Program Files (x86)\Embarcadero\RAD Studio\11.0\lib\Win64\release" -M -$X+ -$G+ -$H+ -$P+ -$U- -$T- -$V+ -$J+ -$Z1 -$L+ -$Y+ -$J+ -$C- -$D- -$I- -$O+ -$Q- -$R- -$W- -N0"D:\Composants\jvcl\jcl\lib\d18\win64" -n"sSystem;System.Win;WinAPI;Vcl;Vcl.Imaging" -I"D:\Composants\jvcl\jcl\source\include" -U"D:\Composants\jvcl\jcl\source\common;D:\Composants\jvcl\jcl\source\windows;D:\Composants\jvcl\jcl\source\vcl" -R"D:\Composants\jvcl\jcl\source\common;D:\Composants\jvcl\jcl\source\windows;D:\Composants\jvcl\jcl\source\vcl"
Version 25.0 du compilateur Embarcadero Delphi pour Win64
Copyright (c) 1983,2013 Embarcadero Technologies, Inc.
38164 lignes, 42.46 secondes, 12374 octets de code, 1884 octets de données.
Building source\common library debug units for RAD Studio XE4 64 bit...
"C:\Program Files (x86)\Embarcadero\RAD Studio\11.0\bin\dcc64.exe" bzip2 Jcl8087 JclAbstractContainers JclAlgorithms JclAnsiStrings JclArrayLists JclArraySets JclBase JclBinaryTrees JclCharsets JclCompilerUtils JclComplex JclCompression JclContainerIntf JclCounter JclDateTime JclDevToolsResources JclExprEval JclFileUtils JclHashMaps JclHashSets JclIDEUtils JclIniFiles JclLinkedLists JclLogic JclMath JclMIDI JclMime JclNotify JclPCRE JclPreProcessorAlgorithmsTemplates JclPreProcessorArrayListsTemplates JclPreProcessorArraySetsTemplates JclPreProcessorBinaryTreesTemplates JclPreProcessorContainer1DTemplates JclPreProcessorContainer2DTemplates JclPreProcessorContainerIntfTemplates JclPreProcessorContainerKnownMaps JclPreProcessorContainerKnownTypes JclPreProcessorContainerTemplates JclPreProcessorContainerTypes JclPreProcessorExcDlgTemplates JclPreProcessorHashMapsTemplates JclPreProcessorHashSetsTemplates JclPreProcessorLexer JclPreProcessorLinkedListsTemplates JclPreProcessorParser JclPreProcessorQueuesTemplates JclPreProcessorSortedMapsTemplates JclPreProcessorStacksTemplates JclPreProcessorTemplates JclPreProcessorTreesTemplates JclPreProcessorVectorsTemplates JclQueues JclResources JclRTTI JclSchedule JclSimpleXml JclSortedMaps JclStacks JclStatistics JclStreams JclStrHashMap JclStringConversions JclStringLists JclStrings JclSynch JclSysInfo JclSysUtils JclTrees JclUnicode JclUnitConv JclUnitVersioning JclUnitVersioningProviders JclUsesUtils JclValidation JclVectors JclWideStrings pcre zlibh --no-config -U"C:\Program Files (x86)\Embarcadero\RAD Studio\11.0\lib\Win64\debug" -U"C:\Program Files (x86)\Embarcadero\RAD Studio\11.0\lib\Win64\release" -M -$X+ -$G+ -$H+ -$P+ -$U- -$T- -$V+ -$J+ -$Z1 -$L+ -$Y+ -$J+ -$C+ -$D+ -$I+ -$O- -$Q+ -$R+ -$W+ -N0"D:\Composants\jvcl\jcl\lib\d18\win64\debug" -n"sSystem;System.Win;WinAPI;Vcl;Vcl.Imaging" -I"D:\Composants\jvcl\jcl\source\include" -U"D:\Composants\jvcl\jcl\source\common;D:\Composants\jvcl\jcl\source\windows;D:\Composants\jvcl\jcl\source\vcl" -R"D:\Composants\jvcl\jcl\source\common;D:\Composants\jvcl\jcl\source\windows;D:\Composants\jvcl\jcl\source\vcl"
Version 25.0 du compilateur Embarcadero Delphi pour Win64
Copyright (c) 1983,2013 Embarcadero Technologies, Inc.
588389 lignes, 108.83 secondes, 98239 octets de code, 458972 octets de données.
Building source\windows library debug units for RAD Studio XE4 64 bit...
"C:\Program Files (x86)\Embarcadero\RAD Studio\11.0\bin\dcc64.exe" Hardlinks JclAppInst JclCIL JclCLR JclCOM JclConsole JclCppException JclDebug JclDebugSerialization JclDebugXMLDeserializer JclDebugXMLSerializer JclDotNet JclHelpUtils JclHookExcept JclLANMan JclLocales JclMapi JclMetadata JclMiscel JclMsBuild JclMsdosSys JclMultimedia JclNTFS JclPeImage JclRegistry JclSecurity JclShell JclStructStorage JclSvcCtrl JclTask JclTD32 JclTimeZones JclWin32 JclWin32Ex JclWinMIDI mscoree_TLB mscorlib_TLB MSHelpServices_TLB MSTask sevenzip Snmp --no-config -U"C:\Program Files (x86)\Embarcadero\RAD Studio\11.0\lib\Win64\debug" -U"C:\Program Files (x86)\Embarcadero\RAD Studio\11.0\lib\Win64\release" -M -$X+ -$G+ -$H+ -$P+ -$U- -$T- -$V+ -$J+ -$Z1 -$L+ -$Y+ -$J+ -$C+ -$D+ -$I+ -$O- -$Q+ -$R+ -$W+ -N0"D:\Composants\jvcl\jcl\lib\d18\win64\debug" -n"sSystem;System.Win;WinAPI;Vcl;Vcl.Imaging" -I"D:\Composants\jvcl\jcl\source\include" -U"D:\Composants\jvcl\jcl\source\common;D:\Composants\jvcl\jcl\source\windows;D:\Composants\jvcl\jcl\source\vcl" -R"D:\Composants\jvcl\jcl\source\common;D:\Composants\jvcl\jcl\source\windows;D:\Composants\jvcl\jcl\source\vcl"
Version 25.0 du compilateur Embarcadero Delphi pour Win64
Copyright (c) 1983,2013 Embarcadero Technologies, Inc.
190857 lignes, 3.20 secondes, 5180 octets de code, 9292 octets de données.
Building source\vcl library debug units for RAD Studio XE4 64 bit...
"C:\Program Files (x86)\Embarcadero\RAD Studio\11.0\bin\dcc64.exe" JclFont JclGraphics JclGraphUtils JclOpenDialogFavorites JclOpenDialogHooks JclPrint JclVclResources JclVersionControl JclVersionCtrlCVSImpl JclVersionCtrlGITImpl JclVersionCtrlSVNImpl --no-config -U"C:\Program Files (x86)\Embarcadero\RAD Studio\11.0\lib\Win64\debug" -U"C:\Program Files (x86)\Embarcadero\RAD Studio\11.0\lib\Win64\release" -M -$X+ -$G+ -$H+ -$P+ -$U- -$T- -$V+ -$J+ -$Z1 -$L+ -$Y+ -$J+ -$C+ -$D+ -$I+ -$O- -$Q+ -$R+ -$W+ -N0"D:\Composants\jvcl\jcl\lib\d18\win64\debug" -n"sSystem;System.Win;WinAPI;Vcl;Vcl.Imaging" -I"D:\Composants\jvcl\jcl\source\include" -U"D:\Composants\jvcl\jcl\source\common;D:\Composants\jvcl\jcl\source\windows;D:\Composants\jvcl\jcl\source\vcl" -R"D:\Composants\jvcl\jcl\source\common;D:\Composants\jvcl\jcl\source\windows;D:\Composants\jvcl\jcl\source\vcl"
Version 25.0 du compilateur Embarcadero Delphi pour Win64
Copyright (c) 1983,2013 Embarcadero Technologies, Inc.
38164 lignes, 43.99 secondes, 13002 octets de code, 1868 octets de données.
Building D:\Composants\jvcl\jcl\packages\d18\Jcl.dpk...
Cleaning package cache for Jcl180.bpl
Cleaning ok
Compiling package D:\Composants\jvcl\jcl\packages\d18\Jcl.dpk
"C:\Program Files (x86)\Embarcadero\RAD Studio\11.0\bin\dcc64.exe" "D:\Composants\jvcl\jcl\packages\d18\Jcl.dpk" --no-config -U"C:\Program Files (x86)\Embarcadero\RAD Studio\11.0\lib\Win64\release" -N"..\..\lib\d18\win64" -I"..\..\lib\d18\win64;..\..\source\include" -R"..\..\lib\d18\win64;..\..\source\include" -DBCB;BCB;WIN32;CONDITIONALEXPRESSIONS;RELEASE;BCB;WIN32;CONDITIONALEXPRESSIONS;RELEASE -U"D:\Composants\jvcl\jcl\lib\d18\win64\;C:\Users\Public\Documents\RAD Studio\11.0\Dcp\Win64;..\..\lib\d18\win64;..\..\source\include" -LU"rtl;" -n"sSystem;System.Win;WinApi;Vcl;Vcl.Imaging" -LN"D:\Composants\jvcl\jcl\lib\d18\win64" -LE"C:\Users\Public\Documents\RAD Studio\11.0\Bpl\Win64"
Version 25.0 du compilateur Embarcadero Delphi pour Win64
Copyright (c) 1983,2013 Embarcadero Technologies, Inc.
128 lignes, 45.51 secondes, 3394232 octets de code, 991260 octets de données.
Compilation success
...done.
Building D:\Composants\jvcl\jcl\packages\d18\JclContainers.dpk...
Cleaning package cache for JclContainers180.bpl
Cleaning ok
Compiling package D:\Composants\jvcl\jcl\packages\d18\JclContainers.dpk
"C:\Program Files (x86)\Embarcadero\RAD Studio\11.0\bin\dcc64.exe" "D:\Composants\jvcl\jcl\packages\d18\JclContainers.dpk" --no-config -U"C:\Program Files (x86)\Embarcadero\RAD Studio\11.0\lib\Win64\release" -N"..\..\lib\d18\win64" -I"..\..\lib\d18\win64;..\..\source\include" -R"..\..\lib\d18\win64;..\..\source\include" -DBCB;BCB;WIN32;CONDITIONALEXPRESSIONS;RELEASE;BCB;WIN32;CONDITIONALEXPRESSIONS;RELEASE -U"D:\Composants\jvcl\jcl\lib\d18\win64\;C:\Users\Public\Documents\RAD Studio\11.0\Dcp\Win64;..\..\lib\d18\win64;..\..\source\include" -LU"rtl;Jcl;" -n"sSystem;System.Win;WinApi;Vcl;Vcl.Imaging" -LN"D:\Composants\jvcl\jcl\lib\d18\win64" -LE"C:\Users\Public\Documents\RAD Studio\11.0\Bpl\Win64"
Version 25.0 du compilateur Embarcadero Delphi pour Win64
Copyright (c) 1983,2013 Embarcadero Technologies, Inc.
69 lignes, 0.28 secondes, 3207064 octets de code, 267848 octets de données.
Compilation success
...done.
Building D:\Composants\jvcl\jcl\packages\d18\JclDeveloperTools.dpk...
Cleaning package cache for JclDeveloperTools180.bpl
Cleaning ok
Compiling package D:\Composants\jvcl\jcl\packages\d18\JclDeveloperTools.dpk
"C:\Program Files (x86)\Embarcadero\RAD Studio\11.0\bin\dcc64.exe" "D:\Composants\jvcl\jcl\packages\d18\JclDeveloperTools.dpk" --no-config -U"C:\Program Files (x86)\Embarcadero\RAD Studio\11.0\lib\Win64\release" -N"..\..\lib\d18\win64" -I"..\..\lib\d18\win64;..\..\source\include" -R"..\..\lib\d18\win64;..\..\source\include" -DBCB;BCB;WIN32;CONDITIONALEXPRESSIONS;RELEASE;BCB;WIN32;CONDITIONALEXPRESSIONS;RELEASE -U"D:\Composants\jvcl\jcl\lib\d18\win64\;C:\Users\Public\Documents\RAD Studio\11.0\Dcp\Win64;..\..\lib\d18\win64;..\..\source\include" -LU"rtl;Jcl;JclContainers;" -n"sSystem;System.Win;WinApi;Vcl;Vcl.Imaging" -LN"D:\Composants\jvcl\jcl\lib\d18\win64" -LE"C:\Users\Public\Documents\RAD Studio\11.0\Bpl\Win64"
Version 25.0 du compilateur Embarcadero Delphi pour Win64
Copyright (c) 1983,2013 Embarcadero Technologies, Inc.
86 lignes, 1.00 secondes, 712904 octets de code, 62096 octets de données.
Compilation success
...done.
Building D:\Composants\jvcl\jcl\packages\d18\JclVcl.dpk...
Cleaning package cache for JclVcl180.bpl
Cleaning ok
Compiling package D:\Composants\jvcl\jcl\packages\d18\JclVcl.dpk
"C:\Program Files (x86)\Embarcadero\RAD Studio\11.0\bin\dcc64.exe" "D:\Composants\jvcl\jcl\packages\d18\JclVcl.dpk" --no-config -U"C:\Program Files (x86)\Embarcadero\RAD Studio\11.0\lib\Win64\release" -N"..\..\lib\d18\win64" -I"..\..\lib\d18\win64;..\..\source\include" -R"..\..\lib\d18\win64;..\..\source\include" -DBCB;BCB;WIN32;CONDITIONALEXPRESSIONS;RELEASE;BCB;WIN32;CONDITIONALEXPRESSIONS;RELEASE -U"D:\Composants\jvcl\jcl\lib\d18\win64\;C:\Users\Public\Documents\RAD Studio\11.0\Dcp\Win64;..\..\lib\d18\win64;..\..\source\include" -LU"rtl;vcl;vclimg;Jcl;" -n"sSystem;System.Win;WinApi;Vcl;Vcl.Imaging" -LN"D:\Composants\jvcl\jcl\lib\d18\win64" -LE"C:\Users\Public\Documents\RAD Studio\11.0\Bpl\Win64"
Version 25.0 du compilateur Embarcadero Delphi pour Win64
Copyright (c) 1983,2013 Embarcadero Technologies, Inc.
67 lignes, 17.08 secondes, 214520 octets de code, 19132 octets de données.
Compilation success
...done.
Added "D:\Composants\jvcl\jcl\lib\d18\win64;D:\Composants\jvcl\jcl\source\include" to library search path.
Added "D:\Composants\jvcl\jcl\source\common;D:\Composants\jvcl\jcl\source\windows;D:\Composants\jvcl\jcl\source\vcl" to library browsing path.
Added "D:\Composants\jvcl\jcl\lib\d18\win64\debug" to Debug DCU Path.
