================================================================================
JCL 2.1 Testing Revision 104
==========RAD Studio 2009=======================================================
Installed personalities :
32 bit Delphi
================================================================================
Single profile installation
================================================================================
Saving conditional defines...
Loaded template for include file D:\COMPOS~2\jvcl\jcl\source\include\jcl.template.inc
Saved include file D:\COMPOS~2\jvcl\jcl\source\include\jcld12.inc
Making common library units for RAD Studio 2009
Compiling .dcu files...
"C:\Program Files\CodeGear\RAD Studio\6.0\bin\dcc32.exe" bzip2 Jcl8087 JclAbstractContainers JclAlgorithms JclAnsiStrings JclArrayLists JclArraySets JclBase JclBinaryTrees JclBorlandTools JclCharsets JclComplex JclCompression JclContainerIntf JclCounter JclDateTime JclEDI JclEDISEF JclEDITranslators JclEDIXML JclEDI_ANSIX12 JclEDI_ANSIX12_Ext JclEDI_UNEDIFACT JclEDI_UNEDIFACT_Ext JclExprEval JclFileUtils JclHashMaps JclHashSets JclIniFiles JclLinkedLists JclLogic JclMath JclMIDI JclMime JclNotify JclPCRE JclQueues JclResources JclRTTI JclSchedule JclSimpleXml JclSortedMaps JclStacks JclStatistics JclStreams JclStrHashMap JclStringConversions JclStringLists JclStrings JclSynch JclSysInfo JclSysUtils JclTrees JclUnicode JclUnitConv JclUnitVersioning JclUnitVersioningProviders JclValidation JclVectors JclWideStrings pcre zlibh --no-config -U"c:\PROGRA~1\codegear\RADSTU~1\6.0\lib" -M -$X+ -$G+ -$H+ -$P+ -$U- -$T- -$V+ -$J+ -$Z1 -$J+ -$C- -$D- -$I- -$L- -$O+ -$Q- -$R- -$W- -$Y- -N"..\..\lib\d12" -I"..\include" -U".;..\windows;..\vcl" -R".;..\windows;..\vcl"
Compilateur Codegear Delphi pour Win32 version 20.0
Copyright (c) 1983,2008 CodeGear
554087 lignes, 12.64 secondes, 50250 octets de code, 16736 octets de données.
Making windows library units for RAD Studio 2009
Compiling .dcu files...
"C:\Program Files\CodeGear\RAD Studio\6.0\bin\dcc32.exe" Hardlinks JclAppInst JclCIL JclCLR JclCOM JclConsole JclDebug JclDebugSerialization JclDebugXMLDeserializer JclDebugXMLSerializer JclDotNet JclHookExcept JclLANMan JclLocales JclMapi JclMetadata JclMiscel JclMsdosSys JclMultimedia JclNTFS JclPeImage JclRegistry JclSecurity JclShell JclStructStorage JclSvcCtrl JclTask JclTD32 JclTimeZones JclWideFormat JclWin32 JclWin32Ex JclWinMIDI mscoree_TLB mscorlib_TLB MSHelpServices_TLB MSTask sevenzip Snmp --no-config -U"c:\PROGRA~1\codegear\RADSTU~1\6.0\lib" -M -$X+ -$G+ -$H+ -$P+ -$U- -$T- -$V+ -$J+ -$Z1 -$J+ -$C- -$D- -$I- -$L- -$O+ -$Q- -$R- -$W- -$Y- -N"..\..\lib\d12" -I"..\include" -U"..\common;.;..\vcl" -R"..\common;.;..\vcl"
Compilateur Codegear Delphi pour Win32 version 20.0
Copyright (c) 1983,2008 CodeGear
205408 lignes, 5.51 secondes, 2448 octets de code, 164 octets de données.
Making vcl library units for RAD Studio 2009
Compiling .dcu files...
"C:\Program Files\CodeGear\RAD Studio\6.0\bin\dcc32.exe" JclFont JclGraphics JclGraphUtils JclPrint JclVersionControl JclVersionCtrlCVSImpl JclVersionCtrlSVNImpl --no-config -U"c:\PROGRA~1\codegear\RADSTU~1\6.0\lib" -M -$X+ -$G+ -$H+ -$P+ -$U- -$T- -$V+ -$J+ -$Z1 -$J+ -$C- -$D- -$I- -$L- -$O+ -$Q- -$R- -$W- -$Y- -N"..\..\lib\d12" -I"..\include" -U"..\common;..\windows;." -R"..\common;..\windows;."
Compilateur Codegear Delphi pour Win32 version 20.0
Copyright (c) 1983,2008 CodeGear
25751 lignes, 3.08 secondes, 4328 octets de code, 36 octets de données.
Making common library debug units for RAD Studio 2009
Compiling .dcu files...
"C:\Program Files\CodeGear\RAD Studio\6.0\bin\dcc32.exe" bzip2 Jcl8087 JclAbstractContainers JclAlgorithms JclAnsiStrings JclArrayLists JclArraySets JclBase JclBinaryTrees JclBorlandTools JclCharsets JclComplex JclCompression JclContainerIntf JclCounter JclDateTime JclEDI JclEDISEF JclEDITranslators JclEDIXML JclEDI_ANSIX12 JclEDI_ANSIX12_Ext JclEDI_UNEDIFACT JclEDI_UNEDIFACT_Ext JclExprEval JclFileUtils JclHashMaps JclHashSets JclIniFiles JclLinkedLists JclLogic JclMath JclMIDI JclMime JclNotify JclPCRE JclQueues JclResources JclRTTI JclSchedule JclSimpleXml JclSortedMaps JclStacks JclStatistics JclStreams JclStrHashMap JclStringConversions JclStringLists JclStrings JclSynch JclSysInfo JclSysUtils JclTrees JclUnicode JclUnitConv JclUnitVersioning JclUnitVersioningProviders JclValidation JclVectors JclWideStrings pcre zlibh --no-config -U"c:\PROGRA~1\codegear\RADSTU~1\6.0\lib" -M -$X+ -$G+ -$H+ -$P+ -$U- -$T- -$V+ -$J+ -$Z1 -$J+ -$C+ -$D+ -$I+ -$L+ -$O- -$Q+ -$R+ -$W+ -$Y+ -N"..\..\lib\d12\debug" -I"..\include" -U".;..\windows;..\vcl" -R".;..\windows;..\vcl"
Compilateur Codegear Delphi pour Win32 version 20.0
Copyright (c) 1983,2008 CodeGear
554893 lignes, 7.61 secondes, 50418 octets de code, 16736 octets de données.
Making windows library debug units for RAD Studio 2009
Compiling .dcu files...
"C:\Program Files\CodeGear\RAD Studio\6.0\bin\dcc32.exe" Hardlinks JclAppInst JclCIL JclCLR JclCOM JclConsole JclDebug JclDebugSerialization JclDebugXMLDeserializer JclDebugXMLSerializer JclDotNet JclHookExcept JclLANMan JclLocales JclMapi JclMetadata JclMiscel JclMsdosSys JclMultimedia JclNTFS JclPeImage JclRegistry JclSecurity JclShell JclStructStorage JclSvcCtrl JclTask JclTD32 JclTimeZones JclWideFormat JclWin32 JclWin32Ex JclWinMIDI mscoree_TLB mscorlib_TLB MSHelpServices_TLB MSTask sevenzip Snmp --no-config -U"c:\PROGRA~1\codegear\RADSTU~1\6.0\lib" -M -$X+ -$G+ -$H+ -$P+ -$U- -$T- -$V+ -$J+ -$Z1 -$J+ -$C+ -$D+ -$I+ -$L+ -$O- -$Q+ -$R+ -$W+ -$Y+ -N"..\..\lib\d12\debug" -I"..\include" -U"..\common;.;..\vcl" -R"..\common;.;..\vcl"
Compilateur Codegear Delphi pour Win32 version 20.0
Copyright (c) 1983,2008 CodeGear
205408 lignes, 3.84 secondes, 2585 octets de code, 164 octets de données.
Making vcl library debug units for RAD Studio 2009
Compiling .dcu files...
"C:\Program Files\CodeGear\RAD Studio\6.0\bin\dcc32.exe" JclFont JclGraphics JclGraphUtils JclPrint JclVersionControl JclVersionCtrlCVSImpl JclVersionCtrlSVNImpl --no-config -U"c:\PROGRA~1\codegear\RADSTU~1\6.0\lib" -M -$X+ -$G+ -$H+ -$P+ -$U- -$T- -$V+ -$J+ -$Z1 -$J+ -$C+ -$D+ -$I+ -$L+ -$O- -$Q+ -$R+ -$W+ -$Y+ -N"..\..\lib\d12\debug" -I"..\include" -U"..\common;..\windows;." -R"..\common;..\windows;."
Compilateur Codegear Delphi pour Win32 version 20.0
Copyright (c) 1983,2008 CodeGear
25751 lignes, 1.27 secondes, 4618 octets de code, 36 octets de données.
Compiling package D:\COMPOS~2\jvcl\jcl\packages\d12\Jcl.dpk...
Cleaning package cache for Jcl120.bpl
Cleaning ok
Compiling package D:\COMPOS~2\jvcl\jcl\packages\d12\Jcl.dpk
"C:\Program Files\CodeGear\RAD Studio\6.0\bin\dcc32.exe" "D:\COMPOS~2\jvcl\jcl\packages\d12\Jcl.dpk" --no-config -U"c:\PROGRA~1\codegear\RADSTU~1\6.0\lib" -N"..\..\lib\d12" -I"..\..\lib\d12;..\..\source\include" -R"..\..\lib\d12;..\..\source\include" -U"..\..\lib\d12;c:\DOCUME~1\ALLUSE~1\DOCUME~1\RADSTU~1\6.0\dcp;..\..\lib\d12;..\..\source\include" -LU"rtl" -LN"..\..\lib\d12" -LE"c:\DOCUME~1\ALLUSE~1\DOCUME~1\RADSTU~1\6.0\bpl"
Compilateur Codegear Delphi pour Win32 version 20.0
Copyright (c) 1983,2008 CodeGear
137 lignes, 1.06 secondes, 1439884 octets de code, 706376 octets de données.
Compilation success
...done.
Compiling package D:\COMPOS~2\jvcl\jcl\packages\d12\JclContainers.dpk...
Cleaning package cache for JclContainers120.bpl
Cleaning ok
Compiling package D:\COMPOS~2\jvcl\jcl\packages\d12\JclContainers.dpk
"C:\Program Files\CodeGear\RAD Studio\6.0\bin\dcc32.exe" "D:\COMPOS~2\jvcl\jcl\packages\d12\JclContainers.dpk" --no-config -U"c:\PROGRA~1\codegear\RADSTU~1\6.0\lib" -N"..\..\lib\d12" -I"..\..\lib\d12;..\..\source\include" -R"..\..\lib\d12;..\..\source\include" -U"..\..\lib\d12;c:\DOCUME~1\ALLUSE~1\DOCUME~1\RADSTU~1\6.0\dcp;..\..\lib\d12;..\..\source\include" -LU"rtl;Jcl" -LN"..\..\lib\d12" -LE"c:\DOCUME~1\ALLUSE~1\DOCUME~1\RADSTU~1\6.0\bpl"
Compilateur Codegear Delphi pour Win32 version 20.0
Copyright (c) 1983,2008 CodeGear
65 lignes, 0.67 secondes, 1540864 octets de code, 816 octets de données.
Compilation success
...done.
Compiling package D:\COMPOS~2\jvcl\jcl\packages\d12\JclVcl.dpk...
Cleaning package cache for JclVcl120.bpl
Cleaning ok
Compiling package D:\COMPOS~2\jvcl\jcl\packages\d12\JclVcl.dpk
"C:\Program Files\CodeGear\RAD Studio\6.0\bin\dcc32.exe" "D:\COMPOS~2\jvcl\jcl\packages\d12\JclVcl.dpk" --no-config -U"c:\PROGRA~1\codegear\RADSTU~1\6.0\lib" -N"..\..\lib\d12" -I"..\..\lib\d12;..\..\source\include" -R"..\..\lib\d12;..\..\source\include" -U"..\..\lib\d12;c:\DOCUME~1\ALLUSE~1\DOCUME~1\RADSTU~1\6.0\dcp;..\..\lib\d12;..\..\source\include" -LU"rtl;vcl;vclimg;Jcl" -LN"..\..\lib\d12" -LE"c:\DOCUME~1\ALLUSE~1\DOCUME~1\RADSTU~1\6.0\bpl"
Compilateur Codegear Delphi pour Win32 version 20.0
Copyright (c) 1983,2008 CodeGear
60 lignes, 0.30 secondes, 90544 octets de code, 1612 octets de données.
Compilation success
...done.
Compiling package D:\COMPOS~2\jvcl\jcl\packages\d12\JclBaseExpert.dpk...
Cleaning package cache for JclBaseExpert120.bpl
Cleaning ok
Compiling package D:\COMPOS~2\jvcl\jcl\packages\d12\JclBaseExpert.dpk
"C:\Program Files\CodeGear\RAD Studio\6.0\bin\dcc32.exe" "D:\COMPOS~2\jvcl\jcl\packages\d12\JclBaseExpert.dpk" --no-config -U"c:\PROGRA~1\codegear\RADSTU~1\6.0\lib" -N"..\..\lib\d12" -I"..\..\lib\d12;..\..\source\include" -R"..\..\lib\d12;..\..\source\include" -U"..\..\lib\d12;c:\DOCUME~1\ALLUSE~1\DOCUME~1\RADSTU~1\6.0\dcp;..\..\lib\d12;..\..\source\include" -LU"rtl;vcl;designide;Jcl" -LN"..\..\lib\d12" -LE"c:\DOCUME~1\ALLUSE~1\DOCUME~1\RADSTU~1\6.0\bpl"
Compilateur Codegear Delphi pour Win32 version 20.0
Copyright (c) 1983,2008 CodeGear
19345 lignes, 0.61 secondes, 39836 octets de code, 592 octets de données.
Compilation success
...done.
Compiling package D:\COMPOS~2\jvcl\jcl\packages\d12\JclDebugExpert.dpk...
Cleaning package cache for JclDebugExpert120.bpl
Cleaning ok
Compiling package D:\COMPOS~2\jvcl\jcl\packages\d12\JclDebugExpert.dpk
"C:\Program Files\CodeGear\RAD Studio\6.0\bin\dcc32.exe" "D:\COMPOS~2\jvcl\jcl\packages\d12\JclDebugExpert.dpk" --no-config -U"c:\PROGRA~1\codegear\RADSTU~1\6.0\lib" -N"..\..\lib\d12" -I"..\..\lib\d12;..\..\source\include" -R"..\..\lib\d12;..\..\source\include" -U"..\..\lib\d12;c:\DOCUME~1\ALLUSE~1\DOCUME~1\RADSTU~1\6.0\dcp;..\..\lib\d12;..\..\source\include" -LU"rtl;vcl;designide;Jcl;JclBaseExpert" -LN"..\..\lib\d12" -LE"c:\DOCUME~1\ALLUSE~1\DOCUME~1\RADSTU~1\6.0\bpl"
Compilateur Codegear Delphi pour Win32 version 20.0
Copyright (c) 1983,2008 CodeGear
5995 lignes, 0.41 secondes, 31952 octets de code, 332 octets de données.
Compilation success
...done.
Compiling package D:\COMPOS~2\jvcl\jcl\packages\d12\JclProjectAnalysisExpert.dpk...
Cleaning package cache for JclProjectAnalysisExpert120.bpl
Cleaning ok
Compiling package D:\COMPOS~2\jvcl\jcl\packages\d12\JclProjectAnalysisExpert.dpk
"C:\Program Files\CodeGear\RAD Studio\6.0\bin\dcc32.exe" "D:\COMPOS~2\jvcl\jcl\packages\d12\JclProjectAnalysisExpert.dpk" --no-config -U"c:\PROGRA~1\codegear\RADSTU~1\6.0\lib" -N"..\..\lib\d12" -I"..\..\lib\d12;..\..\source\include" -R"..\..\lib\d12;..\..\source\include" -U"..\..\lib\d12;c:\DOCUME~1\ALLUSE~1\DOCUME~1\RADSTU~1\6.0\dcp;..\..\lib\d12;..\..\source\include" -LU"rtl;vcl;designide;Jcl;JclBaseExpert" -LN"..\..\lib\d12" -LE"c:\DOCUME~1\ALLUSE~1\DOCUME~1\RADSTU~1\6.0\bpl"
Compilateur Codegear Delphi pour Win32 version 20.0
Copyright (c) 1983,2008 CodeGear
4815 lignes, 0.39 secondes, 20488 octets de code, 192 octets de données.
Compilation success
...done.
Compiling package D:\COMPOS~2\jvcl\jcl\packages\d12\JclFavoriteFoldersExpert.dpk...
Cleaning package cache for JclFavoriteFoldersExpert120.bpl
Cleaning ok
Compiling package D:\COMPOS~2\jvcl\jcl\packages\d12\JclFavoriteFoldersExpert.dpk
"C:\Program Files\CodeGear\RAD Studio\6.0\bin\dcc32.exe" "D:\COMPOS~2\jvcl\jcl\packages\d12\JclFavoriteFoldersExpert.dpk" --no-config -U"c:\PROGRA~1\codegear\RADSTU~1\6.0\lib" -N"..\..\lib\d12" -I"..\..\lib\d12;..\..\source\include" -R"..\..\lib\d12;..\..\source\include" -U"..\..\lib\d12;c:\DOCUME~1\ALLUSE~1\DOCUME~1\RADSTU~1\6.0\dcp;..\..\lib\d12;..\..\source\include" -LU"rtl;vcl;designide;Jcl;JclBaseExpert" -LN"..\..\lib\d12" -LE"c:\DOCUME~1\ALLUSE~1\DOCUME~1\RADSTU~1\6.0\bpl"
Compilateur Codegear Delphi pour Win32 version 20.0
Copyright (c) 1983,2008 CodeGear
4264 lignes, 0.45 secondes, 10564 octets de code, 168 octets de données.
Compilation success
...done.
Compiling package D:\COMPOS~2\jvcl\jcl\packages\d12\JclRepositoryExpert.dpk...
Cleaning package cache for JclRepositoryExpert120.bpl
Cleaning ok
Compiling package D:\COMPOS~2\jvcl\jcl\packages\d12\JclRepositoryExpert.dpk
"C:\Program Files\CodeGear\RAD Studio\6.0\bin\dcc32.exe" "D:\COMPOS~2\jvcl\jcl\packages\d12\JclRepositoryExpert.dpk" --no-config -U"c:\PROGRA~1\codegear\RADSTU~1\6.0\lib" -N"..\..\lib\d12" -I"..\..\lib\d12;..\..\source\include" -R"..\..\lib\d12;..\..\source\include" -U"..\..\lib\d12;c:\DOCUME~1\ALLUSE~1\DOCUME~1\RADSTU~1\6.0\dcp;..\..\lib\d12;..\..\source\include" -LU"rtl;vcl;designide;Jcl;JclBaseExpert" -LN"..\..\lib\d12" -LE"c:\DOCUME~1\ALLUSE~1\DOCUME~1\RADSTU~1\6.0\bpl"
Compilateur Codegear Delphi pour Win32 version 20.0
Copyright (c) 1983,2008 CodeGear
23950 lignes, 0.80 secondes, 42240 octets de code, 632 octets de données.
Compilation success
...done.
Compiling package D:\COMPOS~2\jvcl\jcl\packages\d12\JclVersionControlExpert.dpk...
Cleaning package cache for JclVersionControlExpert120.bpl
Cleaning ok
Compiling package D:\COMPOS~2\jvcl\jcl\packages\d12\JclVersionControlExpert.dpk
"C:\Program Files\CodeGear\RAD Studio\6.0\bin\dcc32.exe" "D:\COMPOS~2\jvcl\jcl\packages\d12\JclVersionControlExpert.dpk" --no-config -U"c:\PROGRA~1\codegear\RADSTU~1\6.0\lib" -N"..\..\lib\d12" -I"..\..\lib\d12;..\..\source\include" -R"..\..\lib\d12;..\..\source\include" -U"..\..\lib\d12;c:\DOCUME~1\ALLUSE~1\DOCUME~1\RADSTU~1\6.0\dcp;..\..\lib\d12;..\..\source\include" -LU"rtl;vcl;designide;Jcl;JclVcl;JclBaseExpert" -LN"..\..\lib\d12" -LE"c:\DOCUME~1\ALLUSE~1\DOCUME~1\RADSTU~1\6.0\bpl"
Compilateur Codegear Delphi pour Win32 version 20.0
Copyright (c) 1983,2008 CodeGear
5350 lignes, 0.44 secondes, 23716 octets de code, 296 octets de données.
Compilation success
...done.
Compiling package D:\COMPOS~2\jvcl\jcl\packages\d12\JclStackTraceViewerExpert.dpk...
Cleaning package cache for JclStackTraceViewerExpert120.bpl
Cleaning ok
Compiling package D:\COMPOS~2\jvcl\jcl\packages\d12\JclStackTraceViewerExpert.dpk
"C:\Program Files\CodeGear\RAD Studio\6.0\bin\dcc32.exe" "D:\COMPOS~2\jvcl\jcl\packages\d12\JclStackTraceViewerExpert.dpk" --no-config -U"c:\PROGRA~1\codegear\RADSTU~1\6.0\lib" -N"..\..\lib\d12" -I"..\..\lib\d12;..\..\source\include" -R"..\..\lib\d12;..\..\source\include" -U"..\..\lib\d12;c:\DOCUME~1\ALLUSE~1\DOCUME~1\RADSTU~1\6.0\dcp;..\..\lib\d12;..\..\source\include" -LU"rtl;vcl;designide;Jcl;JclBaseExpert" -LN"..\..\lib\d12" -LE"c:\DOCUME~1\ALLUSE~1\DOCUME~1\RADSTU~1\6.0\bpl"
Compilateur Codegear Delphi pour Win32 version 20.0
Copyright (c) 1983,2008 CodeGear
28635 lignes, 0.52 secondes, 50480 octets de code, 580 octets de données.
Compilation success
...done.
Added "D:\COMPOS~2\jvcl\jcl\lib\d12;D:\COMPOS~2\jvcl\jcl\source\include" to library search path.
Added "D:\COMPOS~2\jvcl\jcl\source\common;D:\COMPOS~2\jvcl\jcl\source\windows;D:\COMPOS~2\jvcl\jcl\source\vcl" to library browsing path.
Added "D:\COMPOS~2\jvcl\jcl\lib\d12\debug" to Debug DCU Path.
Cleaning package cache for JclBaseExpert120.bpl
Cleaning ok
Registering package C:\Documents and Settings\All Users\Documents\RAD Studio\6.0\Bpl\JclBaseExpert120.bpl
Registration ok
Cleaning package cache for JclDebugExpert120.bpl
Cleaning ok
Registering package C:\Documents and Settings\All Users\Documents\RAD Studio\6.0\Bpl\JclDebugExpert120.bpl
Registration ok
Cleaning package cache for JclProjectAnalysisExpert120.bpl
Cleaning ok
Registering package C:\Documents and Settings\All Users\Documents\RAD Studio\6.0\Bpl\JclProjectAnalysisExpert120.bpl
Registration ok
Cleaning package cache for JclFavoriteFoldersExpert120.bpl
Cleaning ok
Registering package C:\Documents and Settings\All Users\Documents\RAD Studio\6.0\Bpl\JclFavoriteFoldersExpert120.bpl
Registration ok
Cleaning package cache for JclRepositoryExpert120.bpl
Cleaning ok
Registering package C:\Documents and Settings\All Users\Documents\RAD Studio\6.0\Bpl\JclRepositoryExpert120.bpl
Registration ok
Cleaning package cache for JclVersionControlExpert120.bpl
Cleaning ok
Registering package C:\Documents and Settings\All Users\Documents\RAD Studio\6.0\Bpl\JclVersionControlExpert120.bpl
Registration ok
Cleaning package cache for JclStackTraceViewerExpert120.bpl
Cleaning ok
Registering package C:\Documents and Settings\All Users\Documents\RAD Studio\6.0\Bpl\JclStackTraceViewerExpert120.bpl
Registration ok
